c:\users\toddd\onedrive\desktop\roguelike\x64\debug\vc143.pdb
c:\users\toddd\onedrive\desktop\roguelike\x64\debug\vc143.idb
c:\users\toddd\onedrive\desktop\roguelike\x64\debug\tile.obj
c:\users\toddd\onedrive\desktop\roguelike\x64\debug\roguelike.obj
c:\users\toddd\onedrive\desktop\roguelike\x64\debug\renderwindow.obj
c:\users\toddd\onedrive\desktop\roguelike\x64\debug\player.obj
c:\users\toddd\onedrive\desktop\roguelike\x64\debug\map.obj
c:\users\toddd\onedrive\desktop\roguelike\x64\debug\inputmanager.obj
c:\users\toddd\onedrive\desktop\roguelike\x64\debug\items.obj
c:\users\toddd\onedrive\desktop\roguelike\x64\debug\item.obj
c:\users\toddd\onedrive\desktop\roguelike\x64\debug\inventory.obj
c:\users\toddd\onedrive\desktop\roguelike\x64\debug\enemy.obj
c:\users\toddd\onedrive\desktop\x64\debug\roguelike.exe
c:\users\toddd\onedrive\desktop\x64\debug\roguelike.pdb
c:\users\toddd\onedrive\desktop\roguelike\x64\debug\roguelike.ilk
c:\users\toddd\onedrive\desktop\roguelike\x64\debug\map.obj.enc
c:\users\toddd\onedrive\desktop\roguelike\x64\debug\roguelike.pdb
c:\users\toddd\onedrive\desktop\roguelike\x64\debug\roguelike.tlog\cl.command.1.tlog
c:\users\toddd\onedrive\desktop\roguelike\x64\debug\roguelike.tlog\cl.items.tlog
c:\users\toddd\onedrive\desktop\roguelike\x64\debug\roguelike.tlog\cl.read.1.tlog
c:\users\toddd\onedrive\desktop\roguelike\x64\debug\roguelike.tlog\cl.write.1.tlog
c:\users\toddd\onedrive\desktop\roguelike\x64\debug\roguelike.tlog\link.17732-cvtres.read.1.tlog
c:\users\toddd\onedrive\desktop\roguelike\x64\debug\roguelike.tlog\link.17732-cvtres.write.1.tlog
c:\users\toddd\onedrive\desktop\roguelike\x64\debug\roguelike.tlog\link.17732-rc.read.1.tlog
c:\users\toddd\onedrive\desktop\roguelike\x64\debug\roguelike.tlog\link.17732-rc.write.1.tlog
c:\users\toddd\onedrive\desktop\roguelike\x64\debug\roguelike.tlog\link.17732.read.1.tlog
c:\users\toddd\onedrive\desktop\roguelike\x64\debug\roguelike.tlog\link.17732.read.2.tlog
c:\users\toddd\onedrive\desktop\roguelike\x64\debug\roguelike.tlog\link.17732.write.1.tlog
c:\users\toddd\onedrive\desktop\roguelike\x64\debug\roguelike.tlog\link.command.1.tlog
c:\users\toddd\onedrive\desktop\roguelike\x64\debug\roguelike.tlog\link.read.1.tlog
c:\users\toddd\onedrive\desktop\roguelike\x64\debug\roguelike.tlog\link.secondary.1.tlog
c:\users\toddd\onedrive\desktop\roguelike\x64\debug\roguelike.tlog\link.write.1.tlog
