  Enemy.cpp
C:\Users\toddd\OneDrive\Desktop\Roguelike\Enemy.cpp(186,27): warning C4244: 'initializing': conversion from 'double' to 'float', possible loss of data
C:\Users\toddd\OneDrive\Desktop\Roguelike\Enemy.cpp(190,54): warning C4244: '-=': conversion from 'float' to 'int', possible loss of data
C:\Users\toddd\OneDrive\Desktop\Roguelike\Enemy.cpp(193,54): warning C4244: '-=': conversion from 'float' to 'int', possible loss of data
  Map.cpp
  Player.cpp
C:\Users\toddd\OneDrive\Desktop\Roguelike\Player.cpp(28,17): warning C4267: 'initializing': conversion from 'size_t' to 'int', possible loss of data
C:\Users\toddd\OneDrive\Desktop\Roguelike\Player.cpp(29,17): warning C4267: 'initializing': conversion from 'size_t' to 'int', possible loss of data
C:\Users\toddd\OneDrive\Desktop\Roguelike\Player.cpp(126,37): warning C4244: 'initializing': conversion from 'double' to 'float', possible loss of data
C:\Users\toddd\OneDrive\Desktop\Roguelike\Player.cpp(129,49): warning C4244: '/=': conversion from 'float' to 'int', possible loss of data
C:\Users\toddd\OneDrive\Desktop\Roguelike\Player.cpp(130,49): warning C4244: '/=': conversion from 'float' to 'int', possible loss of data
C:\Users\toddd\OneDrive\Desktop\Roguelike\Player.cpp(133,69): warning C4244: '=': conversion from 'float' to 'int', possible loss of data
C:\Users\toddd\OneDrive\Desktop\Roguelike\Player.cpp(134,69): warning C4244: '=': conversion from 'float' to 'int', possible loss of data
C:\Users\toddd\OneDrive\Desktop\Roguelike\Player.cpp(156,67): warning C4244: '+=': conversion from 'double' to 'int', possible loss of data
C:\Users\toddd\OneDrive\Desktop\Roguelike\Player.cpp(157,67): warning C4244: '+=': conversion from 'double' to 'int', possible loss of data
  RenderWindow.cpp
C:\Users\toddd\OneDrive\Desktop\Roguelike\RenderWindow.cpp(354,9): warning C4267: 'initializing': conversion from 'size_t' to 'int', possible loss of data
C:\Users\toddd\OneDrive\Desktop\Roguelike\RenderWindow.cpp(489,17): warning C4267: 'initializing': conversion from 'size_t' to 'int', possible loss of data
  Roguelike.cpp
C:\Users\toddd\OneDrive\Desktop\Roguelike\Roguelike.cpp(154,66): warning C4267: '=': conversion from 'size_t' to 'int', possible loss of data
  Generating Code...
  Roguelike.vcxproj -> C:\Users\toddd\OneDrive\Desktop\x64\Debug\Roguelike.exe
  15 File(s) copied
