Unmatched bitmask: 01011011 at (128, 33)
Neighbors:
. W W 
W W . 
  W W 
Unmatched bitmask: 11101110 at (130, 64)
Neighbors:
W . W 
W W W 
W . W 
Unmatched bitmask: 11101110 at (9, 54)
Neighbors:
W   W 
W W W 
W   W 
Unmatched bitmask: 00101000 at (107, 20)
Neighbors:
    . 
. W   
W . W 
Unmatched bitmask: 11101110 at (21, 7)
Neighbors:
W   W 
W W W 
W   W 
Unmatched bitmask: 00101000 at (37, 24)
Neighbors:
.   . 
  W . 
W . W 
Unmatched bitmask: 11111010 at (111, 39)
Neighbors:
W . W 
W W . 
W W W 
Unmatched bitmask: 01011011 at (61, 18)
Neighbors:
  W W 
W W   
. W W 
Unmatched bitmask: 10111011 at (149, 44)
Neighbors:
W W W 
. W . 
W W W 
Unmatched bitmask: 10000010 at (40, 8)
Neighbors:
W   W 
  W . 
  .   
Unmatched bitmask: 00101000 at (70, 63)
Neighbors:
.   . 
. W   
W   W 
Unmatched bitmask: 10000010 at (77, 63)
Neighbors:
W   W 
. W . 
      
Unmatched bitmask: 10010010 at (138, 77)
Neighbors:
W . W 
. W   
. W   
Unmatched bitmask: 10011011 at (85, 65)
Neighbors:
W W W 
. W   
  W W 
Unmatched bitmask: 10000010 at (42, 22)
Neighbors:
W   W 
. W   
.   . 
Unmatched bitmask: 01011010 at (134, 75)
Neighbors:
. . W 
W W . 
. W W 
Unmatched bitmask: 10011011 at (140, 75)
Neighbors:
W W W 
. W   
. W W 
Unmatched bitmask: 01101001 at (97, 57)
Neighbors:
. W   
W W   
W   W 
Unmatched bitmask: 10110101 at (48, 65)
Neighbors:
W W . 
  W W 
W W . 
Unmatched bitmask: 11111010 at (102, 36)
Neighbors:
W   W 
W W . 
W W W 
Unmatched bitmask: 10110100 at (72, 33)
Neighbors:
W .   
  W W 
W W . 
Unmatched bitmask: 10110100 at (149, 72)
Neighbors:
W .   
  W W 
W W . 
Unmatched bitmask: 01101010 at (20, 46)
Neighbors:
    W 
W W . 
W   W 
Unmatched bitmask: 10011011 at (7, 76)
Neighbors:
W W W 
. W   
. W W 
Unmatched bitmask: 10000010 at (70, 34)
Neighbors:
W   W 
. W . 
      
Unmatched bitmask: 10010100 at (78, 34)
Neighbors:
W . . 
. W W 
. W . 
Unmatched bitmask: 00101000 at (77, 60)
Neighbors:
.   . 
  W   
W . W 
Unmatched bitmask: 10010100 at (28, 7)
Neighbors:
W .   
. W W 
  W   
Unmatched bitmask: 10100101 at (63, 60)
Neighbors:
W W . 
. W W 
W   . 
Unmatched bitmask: 10010100 at (118, 60)
Neighbors:
W   . 
  W W 
. W . 
Unmatched bitmask: 10100010 at (68, 28)
Neighbors:
W   W 
  W . 
W . . 
Unmatched bitmask: 10110100 at (92, 46)
Neighbors:
W   . 
. W W 
W W   
Unmatched bitmask: 10010100 at (27, 47)
Neighbors:
W . . 
. W W 
  W   
Unmatched bitmask: 11111010 at (19, 10)
Neighbors:
W . W 
W W   
W W W 
Unmatched bitmask: 11111010 at (104, 69)
Neighbors:
W . W 
W W . 
W W W 
Unmatched bitmask: 11101110 at (34, 28)
Neighbors:
W . W 
W W W 
W   W 
Unmatched bitmask: 11011010 at (89, 34)
Neighbors:
W . W 
W W   
. W W 
Unmatched bitmask: 11011010 at (90, 35)
Neighbors:
W   W 
W W . 
. W W 
Unmatched bitmask: 10101101 at (96, 38)
Neighbors:
W W . 
  W W 
W . W 
Unmatched bitmask: 11111010 at (95, 39)
Neighbors:
W   W 
W W . 
W W W 
Unmatched bitmask: 10110101 at (143, 39)
Neighbors:
W W . 
. W W 
W W   
Unmatched bitmask: 01011011 at (143, 40)
Neighbors:
. W W 
W W   
  W W 
Unmatched bitmask: 01101011 at (174, 41)
Neighbors:
  W W 
W W   
W . W 
Unmatched bitmask: 10100101 at (41, 53)
Neighbors:
W W   
. W W 
W     
Unmatched bitmask: 11111010 at (40, 54)
Neighbors:
W . W 
W W   
W W W 
Unmatched bitmask: 01101001 at (201, 58)
Neighbors:
. W   
W W   
W . W 
Unmatched bitmask: 10011011 at (63, 89)
Neighbors:
W W W 
  W . 
  W W 
Unmatched bitmask: 10110101 at (170, 21)
Neighbors:
W W . 
. W W 
W W . 
Unmatched bitmask: 10011011 at (226, 39)
Neighbors:
W W W 
  W . 
  W W 
Unmatched bitmask: 11111010 at (53, 43)
Neighbors:
W . W 
W W   
W W W 
Unmatched bitmask: 10011010 at (107, 56)
Neighbors:
W . W 
. W . 
. W W 
Unmatched bitmask: 10010100 at (120, 57)
Neighbors:
W . . 
  W W 
  W   
Unmatched bitmask: 10110101 at (67, 58)
Neighbors:
W W . 
  W W 
W W   
Unmatched bitmask: 10011011 at (121, 117)
Neighbors:
W W W 
. W   
  W W 
Unmatched bitmask: 10100101 at (95, 14)
Neighbors:
W W . 
  W W 
W .   
Unmatched bitmask: 10100101 at (43, 90)
Neighbors:
W W . 
. W W 
W     
Unmatched bitmask: 11010010 at (45, 30)
Neighbors:
W . W 
W W   
  W . 
Unmatched bitmask: 11111010 at (72, 58)
Neighbors:
W   W 
W W . 
W W W 
Unmatched bitmask: 10011011 at (184, 68)
Neighbors:
W W W 
. W   
  W W 
Unmatched bitmask: 00101101 at (108, 78)
Neighbors:
  W . 
. W W 
W . W 
Unmatched bitmask: 10011011 at (8, 30)
Neighbors:
W W W 
  W   
  W W 
Unmatched bitmask: 10110101 at (44, 5)
Neighbors:
W W   
. W W 
W W   
Unmatched bitmask: 10011011 at (19, 32)
Neighbors:
W W W 
. W . 
. W W 
Unmatched bitmask: 00101010 at (33, 48)
Neighbors:
. . W 
  W   
W . W 
Unmatched bitmask: 10101110 at (67, 50)
Neighbors:
W . W 
. W W 
W . W 
Unmatched bitmask: 11111010 at (76, 29)
Neighbors:
W   W 
W W   
W W W 
Unmatched bitmask: 10011011 at (37, 13)
Neighbors:
W W W 
  W   
  W W 
Unmatched bitmask: 01011011 at (127, 39)
Neighbors:
. W W 
W W . 
. W W 
Unmatched bitmask: 10110101 at (18, 42)
Neighbors:
W W . 
  W W 
W W . 
Unmatched bitmask: 10111011 at (23, 58)
Neighbors:
W W W 
. W   
W W W 
Unmatched bitmask: 10011011 at (33, 25)
Neighbors:
W W W 
. W . 
  W W 
Unmatched bitmask: 10011011 at (22, 33)
Neighbors:
W W W 
  W . 
. W W 
Unmatched bitmask: 10111011 at (74, 39)
Neighbors:
W W W 
. W   
W W W 
Unmatched bitmask: 10010100 at (69, 66)
Neighbors:
W   . 
. W W 
. W . 
Unmatched bitmask: 11101110 at (149, 67)
Neighbors:
W   W 
W W W 
W . W 
Unmatched bitmask: 10010100 at (77, 72)
Neighbors:
W     
. W W 
. W . 
Unmatched bitmask: 10100101 at (86, 26)
Neighbors:
W W . 
. W W 
W . . 
Unmatched bitmask: 10100000 at (55, 31)
Neighbors:
W   . 
  W   
W     
Unmatched bitmask: 11111010 at (78, 70)
Neighbors:
W   W 
W W   
W W W 
Unmatched bitmask: 10100010 at (17, 47)
Neighbors:
W   W 
. W . 
W . . 
Unmatched bitmask: 10011011 at (15, 21)
Neighbors:
W W W 
. W . 
  W W 
Unmatched bitmask: 10010110 at (12, 48)
Neighbors:
W   W 
. W W 
  W . 
Unmatched bitmask: 10000010 at (36, 57)
Neighbors:
W . W 
  W . 
. .   
Unmatched bitmask: 10110101 at (75, 10)
Neighbors:
W W   
  W W 
W W   
Unmatched bitmask: 10011011 at (93, 79)
Neighbors:
W W W 
  W . 
  W W 
Unmatched bitmask: 00101000 at (47, 62)
Neighbors:
.   . 
  W   
W   W 
Unmatched bitmask: 10101101 at (138, 15)
Neighbors:
W W . 
  W W 
W . W 
Unmatched bitmask: 10110101 at (277, 30)
Neighbors:
W W . 
  W W 
W W . 
Unmatched bitmask: 10100000 at (216, 72)
Neighbors:
W . . 
  W   
W   . 
Unmatched bitmask: 10110101 at (178, 148)
Neighbors:
W W . 
  W W 
W W   
Unmatched bitmask: 10000010 at (40, 150)
Neighbors:
W   W 
  W . 
.     
Unmatched bitmask: 01101001 at (234, 169)
Neighbors:
  W . 
W W . 
W   W 
Unmatched bitmask: 10100101 at (38, 45)
Neighbors:
W W   
. W W 
W     
Unmatched bitmask: 10110101 at (230, 47)
Neighbors:
W W   
. W W 
W W . 
Unmatched bitmask: 00101000 at (87, 67)
Neighbors:
    . 
. W   
W   W 
Unmatched bitmask: 10011011 at (147, 77)
Neighbors:
W W W 
. W . 
  W W 
Unmatched bitmask: 10110101 at (28, 97)
Neighbors:
W W   
  W W 
W W . 
Unmatched bitmask: 10011010 at (181, 102)
Neighbors:
W . W 
. W   
  W W 
Unmatched bitmask: 10010100 at (233, 154)
Neighbors:
W     
  W W 
  W   
Unmatched bitmask: 11101110 at (25, 30)
Neighbors:
W . W 
W W W 
W . W 
Unmatched bitmask: 10111011 at (92, 10)
Neighbors:
W W W 
  W . 
W W W 
Unmatched bitmask: 10011011 at (130, 15)
Neighbors:
W W W 
  W . 
  W W 
Unmatched bitmask: 10100000 at (26, 49)
Neighbors:
W . . 
  W   
W     
Unmatched bitmask: 10110110 at (20, 74)
Neighbors:
W   W 
  W W 
W W . 
Unmatched bitmask: 10100000 at (135, 78)
Neighbors:
W   . 
  W . 
W .   
Unmatched bitmask: 10110101 at (130, 20)
Neighbors:
W W . 
  W W 
W W   
Unmatched bitmask: 01011010 at (39, 42)
Neighbors:
    W 
W W   
. W W 
Unmatched bitmask: 10111011 at (139, 47)
Neighbors:
W W W 
. W . 
W W W 
Unmatched bitmask: 01101001 at (157, 73)
Neighbors:
  W . 
W W   
W   W 
Unmatched bitmask: 11001010 at (142, 74)
Neighbors:
W   W 
W W . 
.   W 
Unmatched bitmask: 10011011 at (39, 2)
Neighbors:
W W W 
. W   
. W W 
Unmatched bitmask: 10011011 at (50, 65)
Neighbors:
W W W 
  W   
. W W 
Unmatched bitmask: 00101101 at (81, 57)
Neighbors:
. W   
. W W 
W   W 
Unmatched bitmask: 01101001 at (53, 36)
Neighbors:
  W . 
W W . 
W . W 
Unmatched bitmask: 10100110 at (77, 34)
Neighbors:
W . W 
. W W 
W . . 
Unmatched bitmask: 10011011 at (138, 55)
Neighbors:
W W W 
. W . 
. W W 
Unmatched bitmask: 10010100 at (105, 10)
Neighbors:
W . . 
. W W 
. W . 
Unmatched bitmask: 10011011 at (131, 10)
Neighbors:
W W W 
. W   
  W W 
Unmatched bitmask: 00101000 at (47, 20)
Neighbors:
  . . 
  W . 
W . W 
Unmatched bitmask: 10000010 at (83, 28)
Neighbors:
W   W 
  W   
. .   
Unmatched bitmask: 10110100 at (23, 62)
Neighbors:
W .   
  W W 
W W   
Unmatched bitmask: 10011011 at (37, 17)
Neighbors:
W W W 
  W   
  W W 
Unmatched bitmask: 10100000 at (112, 64)
Neighbors:
W     
  W   
W   . 
Unmatched bitmask: 11101110 at (30, 82)
Neighbors:
W . W 
W W W 
W . W 
Unmatched bitmask: 10010100 at (107, 69)
Neighbors:
W   . 
  W W 
  W . 
Unmatched bitmask: 00101001 at (88, 27)
Neighbors:
  W . 
  W . 
W   W 
Unmatched bitmask: 10011011 at (67, 36)
Neighbors:
W W W 
  W . 
. W W 
Unmatched bitmask: 10010100 at (44, 38)
Neighbors:
W .   
. W W 
. W   
Unmatched bitmask: 00101000 at (18, 62)
Neighbors:
      
  W   
W . W 
Unmatched bitmask: 00101101 at (48, 43)
Neighbors:
  W   
  W W 
W . W 
Unmatched bitmask: 10010100 at (51, 97)
Neighbors:
W .   
. W W 
. W . 
Unmatched bitmask: 10011011 at (11, 15)
Neighbors:
W W W 
  W   
. W W 
Unmatched bitmask: 10100000 at (71, 16)
Neighbors:
W     
  W . 
W   . 
Unmatched bitmask: 11111010 at (55, 24)
Neighbors:
W . W 
W W   
W W W 
Unmatched bitmask: 10011011 at (32, 33)
Neighbors:
W W W 
  W   
  W W 
Unmatched bitmask: 10011011 at (138, 53)
Neighbors:
W W W 
  W   
. W W 
Unmatched bitmask: 00101000 at (79, 62)
Neighbors:
    . 
  W   
W   W 
Unmatched bitmask: 01101001 at (98, 68)
Neighbors:
. W   
W W . 
W   W 
Unmatched bitmask: 11111010 at (29, 77)
Neighbors:
W   W 
W W . 
W W W 
Unmatched bitmask: 11111010 at (44, 16)
Neighbors:
W . W 
W W   
W W W 
Unmatched bitmask: 10110101 at (89, 37)
Neighbors:
W W . 
  W W 
W W   
Unmatched bitmask: 10010110 at (138, 71)
Neighbors:
W   W 
. W W 
  W . 
Unmatched bitmask: 11010010 at (143, 71)
Neighbors:
W . W 
W W   
  W . 
Unmatched bitmask: 10011011 at (129, 78)
Neighbors:
W W W 
. W   
. W W 
Unmatched bitmask: 10011011 at (103, 88)
Neighbors:
W W W 
  W   
. W W 
Unmatched bitmask: 00101101 at (29, 92)
Neighbors:
. W . 
. W W 
W . W 
Unmatched bitmask: 10010010 at (106, 108)
Neighbors:
W   W 
  W   
  W . 
Unmatched bitmask: 10111011 at (45, 28)
Neighbors:
W W W 
  W . 
W W W 
Unmatched bitmask: 01101001 at (71, 37)
Neighbors:
  W . 
W W   
W . W 
Unmatched bitmask: 10110110 at (122, 80)
Neighbors:
W   W 
  W W 
W W . 
Unmatched bitmask: 11111010 at (16, 95)
Neighbors:
W . W 
W W . 
W W W 
Unmatched bitmask: 10100000 at (39, 40)
Neighbors:
W     
. W . 
W   . 
Unmatched bitmask: 11010010 at (36, 54)
Neighbors:
W . W 
W W . 
. W   
Unmatched bitmask: 01011011 at (23, 89)
Neighbors:
. W W 
W W   
  W W 
Unmatched bitmask: 00101000 at (124, 109)
Neighbors:
    . 
. W   
W   W 
Unmatched bitmask: 00101000 at (135, 119)
Neighbors:
  . . 
. W   
W . W 
Unmatched bitmask: 10010010 at (78, 19)
Neighbors:
W . W 
  W . 
  W   
Unmatched bitmask: 10111011 at (39, 80)
Neighbors:
W W W 
. W   
W W W 
Unmatched bitmask: 10000010 at (99, 90)
Neighbors:
W   W 
. W . 
    . 
Unmatched bitmask: 11111010 at (100, 93)
Neighbors:
W   W 
W W   
W W W 
Unmatched bitmask: 01101010 at (153, 119)
Neighbors:
.   W 
W W . 
W   W 
Unmatched bitmask: 10100000 at (88, 15)
Neighbors:
W .   
  W . 
W .   
Unmatched bitmask: 10111011 at (72, 18)
Neighbors:
W W W 
  W   
W W W 
Unmatched bitmask: 11101110 at (24, 94)
Neighbors:
W   W 
W W W 
W . W 
Unmatched bitmask: 10010100 at (30, 129)
Neighbors:
W   . 
  W W 
. W . 
Unmatched bitmask: 10100000 at (66, 11)
Neighbors:
W . . 
. W . 
W . . 
Unmatched bitmask: 11101110 at (30, 21)
Neighbors:
W . W 
W W W 
W . W 
Unmatched bitmask: 10011011 at (133, 35)
Neighbors:
W W W 
  W . 
  W W 
Unmatched bitmask: 10010100 at (51, 42)
Neighbors:
W     
  W W 
  W . 
Unmatched bitmask: 10010100 at (39, 61)
Neighbors:
W   . 
  W W 
. W   
Unmatched bitmask: 10010110 at (52, 94)
Neighbors:
W   W 
. W W 
  W   
Unmatched bitmask: 11111010 at (104, 116)
Neighbors:
W   W 
W W . 
W W W 
Unmatched bitmask: 00101101 at (67, 26)
Neighbors:
. W . 
  W W 
W   W 
Unmatched bitmask: 01011011 at (143, 52)
Neighbors:
. W W 
W W . 
. W W 
Unmatched bitmask: 10011011 at (145, 61)
Neighbors:
W W W 
  W . 
  W W 
Unmatched bitmask: 10000010 at (69, 17)
Neighbors:
W . W 
. W . 
      
Unmatched bitmask: 10011011 at (114, 44)
Neighbors:
W W W 
. W   
. W W 
Unmatched bitmask: 11101110 at (127, 68)
Neighbors:
W   W 
W W W 
W   W 
Unmatched bitmask: 10010010 at (49, 101)
Neighbors:
W   W 
  W . 
. W . 
Unmatched bitmask: 10111011 at (86, 31)
Neighbors:
W W W 
. W   
W W W 
Unmatched bitmask: 10010100 at (66, 54)
Neighbors:
W     
  W W 
. W   
Unmatched bitmask: 11011010 at (124, 16)
Neighbors:
W   W 
W W   
  W W 
Unmatched bitmask: 10100100 at (108, 89)
Neighbors:
W .   
  W W 
W .   
Unmatched bitmask: 10011011 at (70, 50)
Neighbors:
W W W 
. W   
. W W 
Unmatched bitmask: 10011011 at (119, 100)
Neighbors:
W W W 
  W . 
  W W 
Unmatched bitmask: 11111010 at (72, 66)
Neighbors:
W   W 
W W . 
W W W 
Unmatched bitmask: 10001010 at (51, 83)
Neighbors:
W . W 
. W . 
. . W 
Unmatched bitmask: 10010100 at (9, 10)
Neighbors:
W     
  W W 
. W   
Unmatched bitmask: 11010010 at (49, 11)
Neighbors:
W   W 
W W . 
  W   
Unmatched bitmask: 00101101 at (103, 61)
Neighbors:
. W   
  W W 
W . W 
Unmatched bitmask: 10110101 at (118, 66)
Neighbors:
W W . 
. W W 
W W . 
Unmatched bitmask: 10100000 at (133, 38)
Neighbors:
W . . 
. W . 
W   . 
Unmatched bitmask: 10100000 at (38, 63)
Neighbors:
W   . 
  W   
W .   
Unmatched bitmask: 10100101 at (99, 66)
Neighbors:
W W . 
  W W 
W     
Unmatched bitmask: 01011011 at (63, 42)
Neighbors:
. W W 
W W   
. W W 
Unmatched bitmask: 10111011 at (76, 61)
Neighbors:
W W W 
  W   
W W W 
Unmatched bitmask: 11010010 at (25, 84)
Neighbors:
W   W 
W W . 
. W . 
Unmatched bitmask: 11111010 at (93, 92)
Neighbors:
W . W 
W W . 
W W W 
Unmatched bitmask: 01101001 at (94, 102)
Neighbors:
. W . 
W W . 
W . W 
Unmatched bitmask: 10010100 at (115, 28)
Neighbors:
W . . 
  W W 
  W   
Unmatched bitmask: 11111010 at (32, 48)
Neighbors:
W . W 
W W   
W W W 
Unmatched bitmask: 10011011 at (121, 9)
Neighbors:
W W W 
  W   
  W W 
Unmatched bitmask: 10010100 at (56, 53)
Neighbors:
W   . 
. W W 
  W . 
Unmatched bitmask: 10110100 at (135, 72)
Neighbors:
W   . 
. W W 
W W   
Unmatched bitmask: 10010100 at (37, 76)
Neighbors:
W .   
  W W 
. W . 
Unmatched bitmask: 11101110 at (132, 109)
Neighbors:
W . W 
W W W 
W   W 
Unmatched bitmask: 11111010 at (19, 33)
Neighbors:
W . W 
W W   
W W W 
Unmatched bitmask: 10100000 at (27, 54)
Neighbors:
W .   
. W   
W . . 
Unmatched bitmask: 00101000 at (47, 57)
Neighbors:
      
. W . 
W   W 
Unmatched bitmask: 01011011 at (89, 79)
Neighbors:
  W W 
W W . 
  W W 
Unmatched bitmask: 10010100 at (120, 119)
Neighbors:
W   . 
  W W 
  W   
Unmatched bitmask: 01011010 at (117, 6)
Neighbors:
.   W 
W W   
  W W 
Unmatched bitmask: 10110100 at (138, 8)
Neighbors:
W . . 
. W W 
W W   
Unmatched bitmask: 10011011 at (82, 88)
Neighbors:
W W W 
  W   
  W W 
Unmatched bitmask: 10111011 at (129, 19)
Neighbors:
W W W 
. W   
W W W 
Unmatched bitmask: 10100100 at (98, 130)
Neighbors:
W .   
. W W 
W .   
Unmatched bitmask: 10011011 at (121, 72)
Neighbors:
W W W 
. W . 
. W W 
Unmatched bitmask: 10100101 at (31, 82)
Neighbors:
W W . 
  W W 
W . . 
Unmatched bitmask: 00101101 at (113, 87)
Neighbors:
. W . 
  W W 
W   W 
Unmatched bitmask: 10110101 at (136, 109)
Neighbors:
W W   
. W W 
W W   
